<?xml version="1.0" encoding="UTF-8"?>
<testng-results skipped="0" failed="0" ignored="0" total="0" passed="0">
  <reporter-output>
  </reporter-output>
  <suite name="junitTestRunner.TestNGTestRunner" duration-ms="286" started-at="2021-06-17T16:36:53 IST" finished-at="2021-06-17T16:36:54 IST">
    <groups>
      <group name="cucumber">
        <method signature="AbstractTestNGCucumberTests.runScenario(io.cucumber.testng.PickleWrapper,io.cucumber.testng.FeatureWrapper)[pri:0, instance:junitTestRunner.TestNGTestRunner@6325a3ee]" name="runScenario" class="io.cucumber.testng.AbstractTestNGCucumberTests"/>
      </group> <!-- cucumber -->
    </groups>
    <test name="Command line test" duration-ms="286" started-at="2021-06-17T16:36:53 IST" finished-at="2021-06-17T16:36:54 IST">
      <class name="junitTestRunner.TestNGTestRunner">
        <test-method status="PASS" signature="setUpClass()[pri:0, instance:junitTestRunner.TestNGTestRunner@6325a3ee]" name="setUpClass" is-config="true" duration-ms="237" started-at="2021-06-17T16:36:53 IST" finished-at="2021-06-17T16:36:54 IST">
          <reporter-output>
          </reporter-output>
        </test-method> <!-- setUpClass -->
        <test-method status="PASS" signature="tearDownClass()[pri:0, instance:junitTestRunner.TestNGTestRunner@6325a3ee]" name="tearDownClass" is-config="true" duration-ms="19" started-at="2021-06-17T16:36:54 IST" finished-at="2021-06-17T16:36:54 IST">
          <reporter-output>
          </reporter-output>
        </test-method> <!-- tearDownClass -->
      </class> <!-- junitTestRunner.TestNGTestRunner -->
    </test> <!-- Command line test -->
  </suite> <!-- junitTestRunner.TestNGTestRunner -->
</testng-results>
