<?xml version="1.0" encoding="UTF-8" standalone="no"?>
<testsuite errors="0" failures="0" name="io.cucumber.core.plugin.JUnitFormatter" skipped="0" tests="3" time="0.417">
    <testcase classname="Verify Functionality on HomePage" name="Validate Orderbook" time="0.119">
        <system-out><![CDATA[Given User is on HomePage...................................................passed
When User clicks on Orderbook...............................................passed
Then Orderbook should get open..............................................passed
]]></system-out>
    </testcase>
    <testcase classname="Verify Functionality on HomePage" name="Validate NetPosition" time="0.002">
        <system-out><![CDATA[Given User is on HomePage...................................................passed
When User clicks on NetPosition.............................................passed
Then NetPosition should get open............................................passed
]]></system-out>
    </testcase>
    <testcase classname="Verify Functionality on HomePage" name="Validate Scanner" time="0.007">
        <system-out><![CDATA[Given User is on HomePage...................................................passed
When User clicks on Scanner.................................................passed
Then Scanner should get open................................................passed
]]></system-out>
    </testcase>
</testsuite>
