<?xml version="1.0" encoding="UTF-8"?>
<testng-results ignored="0" total="0" passed="0" failed="0" skipped="0">
  <reporter-output>
  </reporter-output>
  <suite started-at="2021-06-14T14:31:02 IST" name="Default suite" finished-at="2021-06-14T14:31:02 IST" duration-ms="304">
    <groups>
      <group name="cucumber">
        <method signature="AbstractTestNGCucumberTests.runScenario(io.cucumber.testng.PickleWrapper,io.cucumber.testng.FeatureWrapper)[pri:0, instance:junitTestRunner.LogintestNGTestRunner@4d0f2471]" name="runScenario" class="io.cucumber.testng.AbstractTestNGCucumberTests"/>
      </group> <!-- cucumber -->
    </groups>
    <test started-at="2021-06-14T14:31:02 IST" name="Default test" finished-at="2021-06-14T14:31:02 IST" duration-ms="304">
      <class name="junitTestRunner.LogintestNGTestRunner">
        <test-method is-config="true" signature="setUpClass()[pri:0, instance:junitTestRunner.LogintestNGTestRunner@4d0f2471]" started-at="2021-06-14T14:31:02 IST" name="setUpClass" finished-at="2021-06-14T14:31:02 IST" duration-ms="245" status="PASS">
          <reporter-output>
          </reporter-output>
        </test-method> <!-- setUpClass -->
        <test-method is-config="true" signature="tearDownClass()[pri:0, instance:junitTestRunner.LogintestNGTestRunner@4d0f2471]" started-at="2021-06-14T14:31:02 IST" name="tearDownClass" finished-at="2021-06-14T14:31:02 IST" duration-ms="12" status="PASS">
          <reporter-output>
          </reporter-output>
        </test-method> <!-- tearDownClass -->
      </class> <!-- junitTestRunner.LogintestNGTestRunner -->
    </test> <!-- Default test -->
  </suite> <!-- Default suite -->
</testng-results>
